User belongs to experiment group 'ShowPlayIcon - start'
User belongs to experiment group 'ShowExtensionSurveyPrompt - enabled'
User belongs to experiment group 'DebugAdapterFactory - experiment'
User belongs to experiment group 'PtvsdWheels37 - experiment'
User belongs to experiment group 'UseTerminalToGetActivatedEnvVars - control'
User belongs to experiment group 'LocalZMQKernel - experiment'
User belongs to experiment group 'CollectLSRequestTiming - control'
User belongs to experiment group 'CollectNodeLSRequestTiming - experiment'
User belongs to experiment group 'EnableIPyWidgets - experiment'
User belongs to experiment group 'RunByLine - experiment'
User belongs to experiment group 'CustomEditorSupport - control'
Error 2020-10-14 11:59:43: Exception while attempting zmq : [Error: /usr/lib/x86_64-linux-gnu/libstdc++.so.6: version `GLIBCXX_3.4.22' not found (required by /root/.vscode/extensions/ms-python.python-2020.9.112786/out/client/node_modules/zeromq/prebuilds/linux-x64/electron.napi.glibc.node)
	at process.func [as dlopen] (electron/js2c/asar.js:140:31)
	at Object.Module._extensions..node (internal/modules/cjs/loader.js:1081:18)
	at Object.func [as .node] (electron/js2c/asar.js:140:31)
	at Module.load (internal/modules/cjs/loader.js:862:32)
	at Module._load (internal/modules/cjs/loader.js:774:14)
	at Function.Module._load (electron/js2c/asar.js:769:28)
	at Function.t._load (/usr/share/code/resources/app/out/vs/workbench/services/extensions/node/extensionHostProcess.js:1046:268)
	at Function.i._load (/usr/share/code/resources/app/out/vs/workbench/services/extensions/node/extensionHostProcess.js:1015:981)
	at Function.n._load (/usr/share/code/resources/app/out/vs/workbench/services/extensions/node/extensionHostProcess.js:1012:303)
	at Module.require (internal/modules/cjs/loader.js:899:19)
	at n (/usr/share/code/resources/app/out/vs/loader.js:16:135)
	at load (/root/.vscode/extensions/ms-python.python-2020.9.112786/out/client/node_modules/node-gyp-build/index.js:21:10)
	at Object.<anonymous> (/root/.vscode/extensions/ms-python.python-2020.9.112786/out/client/node_modules/zeromq/lib/native.js:6:43)
	at Module.o._compile (/usr/share/code/resources/app/out/vs/loader.js:16:360)
	at Object.Module._extensions..js (internal/modules/cjs/loader.js:1051:10)
	at Module.load (internal/modules/cjs/loader.js:862:32)
	at Module._load (internal/modules/cjs/loader.js:774:14)
	at Function.Module._load (electron/js2c/asar.js:769:28)
	at Function.t._load (/usr/share/code/resources/app/out/vs/workbench/services/extensions/node/extensionHostProcess.js:1046:268)
	at Function.i._load (/usr/share/code/resources/app/out/vs/workbench/services/extensions/node/extensionHostProcess.js:1015:981)
	at Function.n._load (/usr/share/code/resources/app/out/vs/workbench/services/extensions/node/extensionHostProcess.js:1012:303)
	at Module.require (internal/modules/cjs/loader.js:899:19)
	at n (/usr/share/code/resources/app/out/vs/loader.js:16:135)
	at Object.<anonymous> (/root/.vscode/extensions/ms-python.python-2020.9.112786/out/client/node_modules/zeromq/lib/index.js:3:16)
	at Module.o._compile (/usr/share/code/resources/app/out/vs/loader.js:16:360)
	at Object.Module._extensions..js (internal/modules/cjs/loader.js:1051:10)
	at Module.load (internal/modules/cjs/loader.js:862:32)
	at Module._load (internal/modules/cjs/loader.js:774:14)
	at Function.Module._load (electron/js2c/asar.js:769:28)
	at Function.t._load (/usr/share/code/resources/app/out/vs/workbench/services/extensions/node/extensionHostProcess.js:1046:268)
	at Function.i._load (/usr/share/code/resources/app/out/vs/workbench/services/extensions/node/extensionHostProcess.js:1015:981)
	at Function.n._load (/usr/share/code/resources/app/out/vs/workbench/services/extensions/node/extensionHostProcess.js:1012:303)
	at Module.require (internal/modules/cjs/loader.js:899:19)
	at n (/usr/share/code/resources/app/out/vs/loader.js:16:135)
	at Object.<anonymous> (/root/.vscode/extensions/ms-python.python-2020.9.112786/out/client/extension.js:24:302774)
	at n (/root/.vscode/extensions/ms-python.python-2020.9.112786/out/client/extension.js:1:186)
	at /root/.vscode/extensions/ms-python.python-2020.9.112786/out/client/extension.js:56:731214
	at processTicksAndRejections (internal/process/task_queues.js:94:5)
	at async d.zmqSupportedImpl (/root/.vscode/extensions/ms-python.python-2020.9.112786/out/client/extension.js:56:731181)]
